00:00:00.000001 [44063:shadow] n/a [INFO] [n/a] [shadow.rs:198] [shadow_rs::shadow] Shadow 3.3.0 — v3.3.0-116-gcf02a65ad 2026-05-14--14:24:04
00:00:00.000020 [44063:shadow] n/a [INFO] [n/a] [shadow.rs:198] [shadow_rs::shadow] GLib 2.80.0
00:00:00.000020 [44063:shadow] n/a [INFO] [n/a] [shadow.rs:198] [shadow_rs::shadow] Built on 2026-06-05--18:49:14
00:00:00.000020 [44063:shadow] n/a [INFO] [n/a] [shadow.rs:198] [shadow_rs::shadow] Built from git branch main
00:00:00.000021 [44063:shadow] n/a [INFO] [n/a] [shadow.rs:198] [shadow_rs::shadow] Shadow was built with PROFILE=release, OPT_LEVEL=3, DEBUG=false, RUSTFLAGS="-C force-frame-pointers=y", CFLAGS="-O3 -ggdb -fno-omit-frame-pointer -Wreturn-type -Wswitch -DNDEBUG"
00:00:00.000021 [44063:shadow] n/a [INFO] [n/a] [shadow.rs:198] [shadow_rs::shadow] For more information, visit https://shadow.github.io or https://github.com/shadow
00:00:00.000022 [44063:shadow] n/a [INFO] [n/a] [shadow.rs:200] [shadow_rs::shadow] Logging current startup arguments and environment
00:00:00.000023 [44063:shadow] n/a [INFO] [n/a] [shadow.rs:447] [shadow_rs::shadow] arg: shadow
00:00:00.000023 [44063:shadow] n/a [INFO] [n/a] [shadow.rs:447] [shadow_rs::shadow] arg: shadow.yaml
00:00:00.000460 [44063:shadow] n/a [INFO] [n/a] [sim_config.rs:362] [shadow_rs::core::sim_config] Resolved binary path "curl" to "/usr/bin/curl"
00:00:00.000939 [44063:shadow] n/a [INFO] [n/a] [sim_config.rs:362] [shadow_rs::core::sim_config] Resolved binary path "python3" to "/usr/bin/python3.12"
00:00:00.002413 [44063:shadow] n/a [INFO] [n/a] [shadow.rs:224] [shadow_rs::shadow] Log message buffering is enabled for efficiency
00:00:00.002521 [44063:shadow] n/a [WARN] [n/a] [tsc.c:222] [TscC_nativeCyclesPerSecond] Couldn't get CPU TSC frequency
00:00:00.002522 [44063:shadow] n/a [WARN] [n/a] [manager.rs:80] [shadow_rs::core::manager] Couldn't find native TSC frequency. Emulated rdtsc may use a rate different than managed code expects
00:00:00.002682 [44063:shadow] n/a [INFO] [n/a] [manager.rs:128] [shadow_rs::core::manager] Preloading the openssl crypto library is disabled
00:00:00.003030 [44063:shadow] n/a [WARN] [n/a] [manager.rs:226] [shadow_rs::core::manager] CPU appears to support rdrand and/or rdseed, but platform doesn't support emulating cpuid (Errno::ENODEV). This may break determinism.
00:00:00.003055 [44063:shadow] n/a [INFO] [n/a] [controller.rs:65] [shadow_rs::core::controller] Running simulation
00:00:00.003101 [44063:shadow] n/a [INFO] [n/a] [manager.rs:294] [shadow_rs::core::manager] The parallelism option was 0, so using parallelism=4
00:00:00.004061 [44063:shadow] n/a [INFO] [n/a] [manager.rs:735] [shadow_rs::core::manager] Process resource usage at simtime 3000000000 reported by getrusage(): ru_maxrss=0.152 GiB, ru_utime=0.000 minutes, ru_stime=0.000 minutes, ru_nvcsw=43, ru_nivcsw=0
00:00:00.004063 [44063:shadow] n/a [INFO] [n/a] [manager.rs:753] [shadow_rs::core::manager] System memory usage in bytes at simtime 3000000000 ns reported by /proc/meminfo: {"mem_total":12377411584,"mem_free":2909396992,"swap_total":3221225472,"swap_free":3221225472,"buffers":111910912,"cached":8317202432,"s_reclaimable":447877120,"shmem":3375104}
00:00:00.015724 [44080:shadow-worker] 00:00:03.000228050 [WARN] [server:11.0.0.4] [unix.rs:2353] [shadow_rs::host::descriptor::socket::unix] (LOG_ONCE) Unix sockets with pathname addresses are not yet supported
00:00:00.064954 [44080:shadow-worker] 00:00:03.001212640 [WARN] [server:11.0.0.4] [regular_file.c:393] [regularfile_openat] Opening unsupported proc file. Contents may incorrectly refer to native process instead of emulated, and/or have nondeterministic contents: /proc/sys/crypto/fips_enabled
00:00:00.074006 [44080:shadow-worker] 00:00:03.001439220 [WARN] [server:11.0.0.4] [legacy_tcp.rs:1370] [shadow_rs::host::descriptor::socket::inet::legacy_tcp] (LOG_ONCE) setsockopt called with unsupported level 41 and opt 26
00:00:00.075918 [44063:shadow] n/a [INFO] [n/a] [manager.rs:735] [shadow_rs::core::manager] Process resource usage at simtime 4001503530 reported by getrusage(): ru_maxrss=0.152 GiB, ru_utime=0.000 minutes, ru_stime=0.000 minutes, ru_nvcsw=1721, ru_nivcsw=4
00:00:00.075921 [44063:shadow] n/a [INFO] [n/a] [manager.rs:753] [shadow_rs::core::manager] System memory usage in bytes at simtime 4001503530 ns reported by /proc/meminfo: {"mem_total":12377411584,"mem_free":2899591168,"swap_total":3221225472,"swap_free":3221225472,"buffers":111915008,"cached":8317460480,"s_reclaimable":447893504,"shmem":3395584}
00:00:00.080526 [44081:shadow-worker] 00:00:05.000019010 [WARN] [client1:11.0.0.1] [regular_file.c:393] [regularfile_openat] Opening unsupported proc file. Contents may incorrectly refer to native process instead of emulated, and/or have nondeterministic contents: /proc/sys/crypto/fips_enabled
00:00:00.081184 [44082:shadow-worker] 00:00:05.000019010 [WARN] [client3:11.0.0.3] [regular_file.c:393] [regularfile_openat] Opening unsupported proc file. Contents may incorrectly refer to native process instead of emulated, and/or have nondeterministic contents: /proc/sys/crypto/fips_enabled
00:00:00.081184 [44079:shadow-worker] 00:00:05.000019010 [WARN] [client2:11.0.0.2] [regular_file.c:393] [regularfile_openat] Opening unsupported proc file. Contents may incorrectly refer to native process instead of emulated, and/or have nondeterministic contents: /proc/sys/crypto/fips_enabled
00:00:00.081727 [44081:shadow-worker] 00:00:05.000085160 [WARN] [client1:11.0.0.1] [futex.rs:246] [shadow_rs::host::syscall::handler::futex] (LOG_ONCE) set_robust_list was called but we don't yet support it
00:00:00.090311 [44081:shadow-worker] 00:00:05.000101270 [WARN] [client1:11.0.0.1] [legacy_tcp.rs:1370] [shadow_rs::host::descriptor::socket::inet::legacy_tcp] (LOG_ONCE) setsockopt called with unsupported level 6 and opt 4
00:00:00.090317 [44081:shadow-worker] 00:00:05.000101270 [WARN] [client1:11.0.0.1] [legacy_tcp.rs:1370] [shadow_rs::host::descriptor::socket::inet::legacy_tcp] (LOG_ONCE) setsockopt called with unsupported level 6 and opt 5
00:00:00.091525 [44063:shadow] n/a [INFO] [n/a] [manager.rs:735] [shadow_rs::core::manager] Process resource usage at simtime 5002105270 reported by getrusage(): ru_maxrss=0.152 GiB, ru_utime=0.000 minutes, ru_stime=0.000 minutes, ru_nvcsw=2069, ru_nivcsw=62
00:00:00.091528 [44063:shadow] n/a [INFO] [n/a] [manager.rs:753] [shadow_rs::core::manager] System memory usage in bytes at simtime 5002105270 ns reported by /proc/meminfo: {"mem_total":12377411584,"mem_free":2897788928,"swap_total":3221225472,"swap_free":3221225472,"buffers":111915008,"cached":8317460480,"s_reclaimable":447893504,"shmem":3395584}
00:00:00.107660 [44063:shadow] n/a [INFO] [n/a] [manager.rs:735] [shadow_rs::core::manager] Process resource usage at simtime 6002118390 reported by getrusage(): ru_maxrss=0.153 GiB, ru_utime=0.000 minutes, ru_stime=0.000 minutes, ru_nvcsw=2459, ru_nivcsw=194
00:00:00.107663 [44063:shadow] n/a [INFO] [n/a] [manager.rs:753] [shadow_rs::core::manager] System memory usage in bytes at simtime 6002118390 ns reported by /proc/meminfo: {"mem_total":12377411584,"mem_free":2897530880,"swap_total":3221225472,"swap_free":3221225472,"buffers":111915008,"cached":8317460480,"s_reclaimable":447893504,"shmem":3395584}
00:00:00.107922 [44063:shadow] n/a [INFO] [n/a] [manager.rs:735] [shadow_rs::core::manager] Process resource usage at simtime 7003203660 reported by getrusage(): ru_maxrss=0.153 GiB, ru_utime=0.000 minutes, ru_stime=0.000 minutes, ru_nvcsw=2461, ru_nivcsw=196
00:00:00.107924 [44063:shadow] n/a [INFO] [n/a] [manager.rs:753] [shadow_rs::core::manager] System memory usage in bytes at simtime 7003203660 ns reported by /proc/meminfo: {"mem_total":12377411584,"mem_free":2897530880,"swap_total":3221225472,"swap_free":3221225472,"buffers":111915008,"cached":8317460480,"s_reclaimable":447893504,"shmem":3395584}
00:00:00.107991 [44063:shadow] n/a [INFO] [n/a] [manager.rs:735] [shadow_rs::core::manager] Process resource usage at simtime 8003205680 reported by getrusage(): ru_maxrss=0.153 GiB, ru_utime=0.000 minutes, ru_stime=0.000 minutes, ru_nvcsw=2462, ru_nivcsw=198
00:00:00.107993 [44063:shadow] n/a [INFO] [n/a] [manager.rs:753] [shadow_rs::core::manager] System memory usage in bytes at simtime 8003205680 ns reported by /proc/meminfo: {"mem_total":12377411584,"mem_free":2897530880,"swap_total":3221225472,"swap_free":3221225472,"buffers":111915008,"cached":8317460480,"s_reclaimable":447893504,"shmem":3395584}
00:00:00.108116 [44063:shadow] n/a [INFO] [n/a] [manager.rs:735] [shadow_rs::core::manager] Process resource usage at simtime 9003207700 reported by getrusage(): ru_maxrss=0.153 GiB, ru_utime=0.000 minutes, ru_stime=0.000 minutes, ru_nvcsw=2463, ru_nivcsw=200
00:00:00.108118 [44063:shadow] n/a [INFO] [n/a] [manager.rs:753] [shadow_rs::core::manager] System memory usage in bytes at simtime 9003207700 ns reported by /proc/meminfo: {"mem_total":12377411584,"mem_free":2897530880,"swap_total":3221225472,"swap_free":3221225472,"buffers":111915008,"cached":8317460480,"s_reclaimable":447893504,"shmem":3395584}
00:00:00.109500 [44063:shadow] n/a [INFO] [n/a] [manager.rs:585] [shadow_rs::core::manager] Global syscall counts: {newfstatat:439, futex:299, fstat:215, read:212, rt_sigaction:174, lseek:164, close:157, ioctl:94, open:83, mmap:58, openat:57, poll:48, getdents64:40, fcntl:31, brk:30, rt_sigprocmask:28, mprotect:19, getsockname:17, socket:17, unknown-syscall:17, munmap:15, setsockopt:14, connect:13, sendto:9, write:9, gettid:8, recvfrom:8, clone3:6, getpeername:6, madvise:6, pipe:6, rseq:6, set_robust_list:6, getcwd:5, getrandom:5, geteuid:4, accept4:3, exit_group:3, getsockopt:3, shutdown:3, stat:3, getuid:2, bind:1, epoll_create1:1, getegid:1, getgid:1, listen:1, readlink:1, uname:1}
00:00:00.109504 [44063:shadow] n/a [INFO] [n/a] [manager.rs:593] [shadow_rs::core::manager] Global allocated object counts: {TaskRef:1337, Event:613, StatusListener:300, SysCallCondition:267, Timer:239, Descriptor:173, LegacyDescriptor:169, RegularFile:152, OpenFile:66, Packet:60, Futex:58, EpollWatch:33, OpenFileInner:30, Relay:12, Epoll:11, Thread:10, DescriptorTable:8, NetworkInterface:8, LegacyTcpSocket:7, TCP:7, FutexTable:4, Router:4}
00:00:00.109507 [44063:shadow] n/a [INFO] [n/a] [manager.rs:594] [shadow_rs::core::manager] Global deallocated object counts: {TaskRef:1337, Event:613, StatusListener:300, SysCallCondition:267, Timer:239, Descriptor:173, LegacyDescriptor:169, RegularFile:152, OpenFile:66, Packet:60, Futex:58, EpollWatch:33, OpenFileInner:30, Relay:12, Epoll:11, Thread:10, DescriptorTable:8, NetworkInterface:8, LegacyTcpSocket:7, TCP:7, FutexTable:4, Router:4}
00:00:00.109509 [44063:shadow] n/a [INFO] [n/a] [manager.rs:597] [shadow_rs::core::manager] We allocated and deallocated the same number of objects :)
00:00:00.110240 [44063:shadow] n/a [INFO] [n/a] [controller.rs:67] [shadow_rs::core::controller] Finished simulation
00:00:00.110242 [44063:shadow] n/a [INFO] [n/a] [shadow.rs:234] [shadow_rs::shadow] Log message buffering is disabled during cleanup
